Determining if files pfp_api.h exist failed with the following output:
Change Dir: /home/daq/sw_daq_tofhir_v1/build/CMakeFiles/CMakeTmp

Run Build Command:/usr/bin/gmake "cmTryCompileExec2388918098/fast"
/usr/bin/gmake -f CMakeFiles/cmTryCompileExec2388918098.dir/build.make CMakeFiles/cmTryCompileExec2388918098.dir/build
gmake[1]: Entering directory `/home/daq/sw_daq_tofhir_v1/build/CMakeFiles/CMakeTmp'
/usr/bin/cmake -E cmake_progress_report /home/daq/sw_daq_tofhir_v1/build/CMakeFiles/CMakeTmp/CMakeFiles 1
Building C object CMakeFiles/cmTryCompileExec2388918098.dir/CheckIncludeFiles.c.o
/usr/bin/cc  -DLINUX -DLINUX    -o CMakeFiles/cmTryCompileExec2388918098.dir/CheckIncludeFiles.c.o   -c /home/daq/sw_daq_tofhir_v1/build/CMakeFiles/CMakeTmp/CheckIncludeFiles.c
/home/daq/sw_daq_tofhir_v1/build/CMakeFiles/CMakeTmp/CheckIncludeFiles.c:2:21: fatal error: pfp_api.h: No such file or directory
 #include <pfp_api.h>
                     ^
compilation terminated.
gmake[1]: *** [CMakeFiles/cmTryCompileExec2388918098.dir/CheckIncludeFiles.c.o] Error 1
gmake[1]: Leaving directory `/home/daq/sw_daq_tofhir_v1/build/CMakeFiles/CMakeTmp'
gmake: *** [cmTryCompileExec2388918098/fast] Error 2

Source:
/* */
#include <pfp_api.h>


int main(){return 0;}

Determining if files pfp_api.h exist failed with the following output:
Change Dir: /home/daq/sw_daq_tofhir_v1/build/CMakeFiles/CMakeTmp

Run Build Command:/usr/bin/gmake "cmTryCompileExec4246875442/fast"
/usr/bin/gmake -f CMakeFiles/cmTryCompileExec4246875442.dir/build.make CMakeFiles/cmTryCompileExec4246875442.dir/build
gmake[1]: Entering directory `/home/daq/sw_daq_tofhir_v1/build/CMakeFiles/CMakeTmp'
/usr/bin/cmake -E cmake_progress_report /home/daq/sw_daq_tofhir_v1/build/CMakeFiles/CMakeTmp/CMakeFiles 1
Building C object CMakeFiles/cmTryCompileExec4246875442.dir/CheckIncludeFiles.c.o
/usr/bin/cc  -DLINUX -DLINUX    -o CMakeFiles/cmTryCompileExec4246875442.dir/CheckIncludeFiles.c.o   -c /home/daq/sw_daq_tofhir_v1/build/CMakeFiles/CMakeTmp/CheckIncludeFiles.c
/home/daq/sw_daq_tofhir_v1/build/CMakeFiles/CMakeTmp/CheckIncludeFiles.c:2:21: fatal error: pfp_api.h: No such file or directory
 #include <pfp_api.h>
                     ^
compilation terminated.
gmake[1]: *** [CMakeFiles/cmTryCompileExec4246875442.dir/CheckIncludeFiles.c.o] Error 1
gmake[1]: Leaving directory `/home/daq/sw_daq_tofhir_v1/build/CMakeFiles/CMakeTmp'
gmake: *** [cmTryCompileExec4246875442/fast] Error 2

Source:
/* */
#include <pfp_api.h>


int main(){return 0;}

Determining if files pfp_api.h exist failed with the following output:
Change Dir: /home/daq/sw_daq_tofhir_v1/build/CMakeFiles/CMakeTmp

Run Build Command:/usr/bin/gmake "cmTryCompileExec1205315973/fast"
/usr/bin/gmake -f CMakeFiles/cmTryCompileExec1205315973.dir/build.make CMakeFiles/cmTryCompileExec1205315973.dir/build
gmake[1]: Entering directory `/home/daq/sw_daq_tofhir_v1/build/CMakeFiles/CMakeTmp'
/usr/bin/cmake -E cmake_progress_report /home/daq/sw_daq_tofhir_v1/build/CMakeFiles/CMakeTmp/CMakeFiles 1
Building C object CMakeFiles/cmTryCompileExec1205315973.dir/CheckIncludeFiles.c.o
/usr/bin/cc  -DLINUX -DLINUX    -o CMakeFiles/cmTryCompileExec1205315973.dir/CheckIncludeFiles.c.o   -c /home/daq/sw_daq_tofhir_v1/build/CMakeFiles/CMakeTmp/CheckIncludeFiles.c
/home/daq/sw_daq_tofhir_v1/build/CMakeFiles/CMakeTmp/CheckIncludeFiles.c:2:21: fatal error: pfp_api.h: No such file or directory
 #include <pfp_api.h>
                     ^
compilation terminated.
gmake[1]: *** [CMakeFiles/cmTryCompileExec1205315973.dir/CheckIncludeFiles.c.o] Error 1
gmake[1]: Leaving directory `/home/daq/sw_daq_tofhir_v1/build/CMakeFiles/CMakeTmp'
gmake: *** [cmTryCompileExec1205315973/fast] Error 2

Source:
/* */
#include <pfp_api.h>


int main(){return 0;}

